running egg_info
writing ../build/robot_controller/robot_controller.egg-info/PKG-INFO
writing dependency_links to ../build/robot_controller/robot_controller.egg-info/dependency_links.txt
writing entry points to ../build/robot_controller/robot_controller.egg-info/entry_points.txt
writing requirements to ../build/robot_controller/robot_controller.egg-info/requires.txt
writing top-level names to ../build/robot_controller/robot_controller.egg-info/top_level.txt
reading manifest file '../build/robot_controller/robot_controller.egg-info/SOURCES.txt'
writing manifest file '../build/robot_controller/robot_controller.egg-info/SOURCES.txt'
running build
running build_py
copying robot_controller/main.py -> /home/khushi/ros2_ws/src/build/robot_controller/build/lib/robot_controller
running install
running install_lib
copying /home/khushi/ros2_ws/src/build/robot_controller/build/lib/robot_controller/main.py -> /home/khushi/ros2_ws/src/install/robot_controller/lib/python3.12/site-packages/robot_controller
byte-compiling /home/khushi/ros2_ws/src/install/robot_controller/lib/python3.12/site-packages/robot_controller/main.py to main.cpython-312.pyc
running install_data
running install_egg_info
removing '/home/khushi/ros2_ws/src/install/robot_controller/lib/python3.12/site-packages/robot_controller-0.0.1-py3.12.egg-info' (and everything under it)
Copying ../build/robot_controller/robot_controller.egg-info to /home/khushi/ros2_ws/src/install/robot_controller/lib/python3.12/site-packages/robot_controller-0.0.1-py3.12.egg-info
running install_scripts
Installing autodrive_node script to /home/khushi/ros2_ws/src/install/robot_controller/lib/robot_controller
Installing main_node script to /home/khushi/ros2_ws/src/install/robot_controller/lib/robot_controller
Installing rccontrol_node script to /home/khushi/ros2_ws/src/install/robot_controller/lib/robot_controller
writing list of installed files to '/home/khushi/ros2_ws/src/build/robot_controller/install.log'
