/home/khushi/ros2_ws/src/install/robot_controller/lib/python3.12/site-packages/robot_controller/__init__.py
/home/khushi/ros2_ws/src/install/robot_controller/lib/python3.12/site-packages/robot_controller/main.py
/home/khushi/ros2_ws/src/install/robot_controller/lib/python3.12/site-packages/robot_controller/rccontrol.py
/home/khushi/ros2_ws/src/install/robot_controller/lib/python3.12/site-packages/robot_controller/autodrive.py
/home/khushi/ros2_ws/src/install/robot_controller/lib/python3.12/site-packages/robot_controller/__pycache__/__init__.cpython-312.pyc
/home/khushi/ros2_ws/src/install/robot_controller/lib/python3.12/site-packages/robot_controller/__pycache__/main.cpython-312.pyc
/home/khushi/ros2_ws/src/install/robot_controller/lib/python3.12/site-packages/robot_controller/__pycache__/rccontrol.cpython-312.pyc
/home/khushi/ros2_ws/src/install/robot_controller/lib/python3.12/site-packages/robot_controller/__pycache__/autodrive.cpython-312.pyc
/home/khushi/ros2_ws/src/install/robot_controller/share/ament_index/resource_index/packages/robot_controller
/home/khushi/ros2_ws/src/install/robot_controller/share/robot_controller/package.xml
/home/khushi/ros2_ws/src/install/robot_controller/lib/python3.12/site-packages/robot_controller-0.0.1-py3.12.egg-info/SOURCES.txt
/home/khushi/ros2_ws/src/install/robot_controller/lib/python3.12/site-packages/robot_controller-0.0.1-py3.12.egg-info/entry_points.txt
/home/khushi/ros2_ws/src/install/robot_controller/lib/python3.12/site-packages/robot_controller-0.0.1-py3.12.egg-info/zip-safe
/home/khushi/ros2_ws/src/install/robot_controller/lib/python3.12/site-packages/robot_controller-0.0.1-py3.12.egg-info/requires.txt
/home/khushi/ros2_ws/src/install/robot_controller/lib/python3.12/site-packages/robot_controller-0.0.1-py3.12.egg-info/PKG-INFO
/home/khushi/ros2_ws/src/install/robot_controller/lib/python3.12/site-packages/robot_controller-0.0.1-py3.12.egg-info/top_level.txt
/home/khushi/ros2_ws/src/install/robot_controller/lib/python3.12/site-packages/robot_controller-0.0.1-py3.12.egg-info/dependency_links.txt
/home/khushi/ros2_ws/src/install/robot_controller/lib/robot_controller/autodrive_node
/home/khushi/ros2_ws/src/install/robot_controller/lib/robot_controller/main_node
/home/khushi/ros2_ws/src/install/robot_controller/lib/robot_controller/rccontrol_node
