[1.158s] Invoking command in '/home/khushi/ros2_ws/src/robot_controller': PYTHONPATH=/home/khushi/ros2_ws/src/build/robot_controller/prefix_override:/usr/lib/python3/dist-packages/colcon_core/task/python/colcon_distutils_commands:/home/khushi/ros2_ws/src/install/robot_controller/lib/python3.12/site-packages:${PYTHONPATH} /usr/bin/python3 -W ignore:setup.py install is deprecated -W ignore:easy_install command is deprecated setup.py egg_info --egg-base ../build/robot_controller build --build-base /home/khushi/ros2_ws/src/build/robot_controller/build install --record /home/khushi/ros2_ws/src/build/robot_controller/install.log --single-version-externally-managed install_data
[1.465s] running egg_info
[1.487s] writing ../build/robot_controller/robot_controller.egg-info/PKG-INFO
[1.488s] writing dependency_links to ../build/robot_controller/robot_controller.egg-info/dependency_links.txt
[1.488s] writing entry points to ../build/robot_controller/robot_controller.egg-info/entry_points.txt
[1.488s] writing requirements to ../build/robot_controller/robot_controller.egg-info/requires.txt
[1.488s] writing top-level names to ../build/robot_controller/robot_controller.egg-info/top_level.txt
[1.539s] reading manifest file '../build/robot_controller/robot_controller.egg-info/SOURCES.txt'
[1.540s] writing manifest file '../build/robot_controller/robot_controller.egg-info/SOURCES.txt'
[1.541s] running build
[1.541s] running build_py
[1.541s] copying robot_controller/main.py -> /home/khushi/ros2_ws/src/build/robot_controller/build/lib/robot_controller
[1.542s] copying robot_controller/rccontrol.py -> /home/khushi/ros2_ws/src/build/robot_controller/build/lib/robot_controller
[1.543s] running install
[1.550s] running install_lib
[1.575s] copying /home/khushi/ros2_ws/src/build/robot_controller/build/lib/robot_controller/main.py -> /home/khushi/ros2_ws/src/install/robot_controller/lib/python3.12/site-packages/robot_controller
[1.576s] copying /home/khushi/ros2_ws/src/build/robot_controller/build/lib/robot_controller/rccontrol.py -> /home/khushi/ros2_ws/src/install/robot_controller/lib/python3.12/site-packages/robot_controller
[1.577s] byte-compiling /home/khushi/ros2_ws/src/install/robot_controller/lib/python3.12/site-packages/robot_controller/main.py to main.cpython-312.pyc
[1.579s] byte-compiling /home/khushi/ros2_ws/src/install/robot_controller/lib/python3.12/site-packages/robot_controller/rccontrol.py to rccontrol.cpython-312.pyc
[1.580s] running install_data
[1.581s] running install_egg_info
[1.603s] removing '/home/khushi/ros2_ws/src/install/robot_controller/lib/python3.12/site-packages/robot_controller-0.0.1-py3.12.egg-info' (and everything under it)
[1.604s] Copying ../build/robot_controller/robot_controller.egg-info to /home/khushi/ros2_ws/src/install/robot_controller/lib/python3.12/site-packages/robot_controller-0.0.1-py3.12.egg-info
[1.606s] running install_scripts
[1.762s] Installing autodrive_node script to /home/khushi/ros2_ws/src/install/robot_controller/lib/robot_controller
[1.763s] Installing main_node script to /home/khushi/ros2_ws/src/install/robot_controller/lib/robot_controller
[1.763s] Installing rccontrol_node script to /home/khushi/ros2_ws/src/install/robot_controller/lib/robot_controller
[1.764s] writing list of installed files to '/home/khushi/ros2_ws/src/build/robot_controller/install.log'
[1.798s] Invoked command in '/home/khushi/ros2_ws/src/robot_controller' returned '0': PYTHONPATH=/home/khushi/ros2_ws/src/build/robot_controller/prefix_override:/usr/lib/python3/dist-packages/colcon_core/task/python/colcon_distutils_commands:/home/khushi/ros2_ws/src/install/robot_controller/lib/python3.12/site-packages:${PYTHONPATH} /usr/bin/python3 -W ignore:setup.py install is deprecated -W ignore:easy_install command is deprecated setup.py egg_info --egg-base ../build/robot_controller build --build-base /home/khushi/ros2_ws/src/build/robot_controller/build install --record /home/khushi/ros2_ws/src/build/robot_controller/install.log --single-version-externally-managed install_data
