[0.740s] Invoking command in '/home/khushi/ros2_ws/src/robot_controller': PYTHONPATH=/home/khushi/ros2_ws/src/build/robot_controller/prefix_override:/usr/lib/python3/dist-packages/colcon_core/task/python/colcon_distutils_commands:/home/khushi/ros2_ws/src/install/robot_controller/lib/python3.12/site-packages:${PYTHONPATH} /usr/bin/python3 -W ignore:setup.py install is deprecated -W ignore:easy_install command is deprecated setup.py egg_info --egg-base ../build/robot_controller build --build-base /home/khushi/ros2_ws/src/build/robot_controller/build install --record /home/khushi/ros2_ws/src/build/robot_controller/install.log --single-version-externally-managed install_data
[0.954s] running egg_info
[0.969s] writing ../build/robot_controller/robot_controller.egg-info/PKG-INFO
[0.970s] writing dependency_links to ../build/robot_controller/robot_controller.egg-info/dependency_links.txt
[0.970s] writing entry points to ../build/robot_controller/robot_controller.egg-info/entry_points.txt
[0.970s] writing requirements to ../build/robot_controller/robot_controller.egg-info/requires.txt
[0.970s] writing top-level names to ../build/robot_controller/robot_controller.egg-info/top_level.txt
[0.998s] reading manifest file '../build/robot_controller/robot_controller.egg-info/SOURCES.txt'
[0.999s] writing manifest file '../build/robot_controller/robot_controller.egg-info/SOURCES.txt'
[1.000s] running build
[1.000s] running build_py
[1.000s] copying robot_controller/main.py -> /home/khushi/ros2_ws/src/build/robot_controller/build/lib/robot_controller
[1.001s] running install
[1.007s] running install_lib
[1.025s] copying /home/khushi/ros2_ws/src/build/robot_controller/build/lib/robot_controller/main.py -> /home/khushi/ros2_ws/src/install/robot_controller/lib/python3.12/site-packages/robot_controller
[1.026s] byte-compiling /home/khushi/ros2_ws/src/install/robot_controller/lib/python3.12/site-packages/robot_controller/main.py to main.cpython-312.pyc
[1.027s] running install_data
[1.027s] running install_egg_info
[1.044s] Copying ../build/robot_controller/robot_controller.egg-info to /home/khushi/ros2_ws/src/install/robot_controller/lib/python3.12/site-packages/robot_controller-0.0.1-py3.12.egg-info
[1.045s] running install_scripts
[1.149s] Installing autodrive_node script to /home/khushi/ros2_ws/src/install/robot_controller/lib/robot_controller
[1.149s] Installing main_node script to /home/khushi/ros2_ws/src/install/robot_controller/lib/robot_controller
[1.150s] Installing rccontrol_node script to /home/khushi/ros2_ws/src/install/robot_controller/lib/robot_controller
[1.150s] writing list of installed files to '/home/khushi/ros2_ws/src/build/robot_controller/install.log'
[1.189s] Invoked command in '/home/khushi/ros2_ws/src/robot_controller' returned '0': PYTHONPATH=/home/khushi/ros2_ws/src/build/robot_controller/prefix_override:/usr/lib/python3/dist-packages/colcon_core/task/python/colcon_distutils_commands:/home/khushi/ros2_ws/src/install/robot_controller/lib/python3.12/site-packages:${PYTHONPATH} /usr/bin/python3 -W ignore:setup.py install is deprecated -W ignore:easy_install command is deprecated setup.py egg_info --egg-base ../build/robot_controller build --build-base /home/khushi/ros2_ws/src/build/robot_controller/build install --record /home/khushi/ros2_ws/src/build/robot_controller/install.log --single-version-externally-managed install_data
