running egg_info
creating ../build/robot_controller/robot_controller.egg-info
writing ../build/robot_controller/robot_controller.egg-info/PKG-INFO
writing dependency_links to ../build/robot_controller/robot_controller.egg-info/dependency_links.txt
writing entry points to ../build/robot_controller/robot_controller.egg-info/entry_points.txt
writing requirements to ../build/robot_controller/robot_controller.egg-info/requires.txt
writing top-level names to ../build/robot_controller/robot_controller.egg-info/top_level.txt
writing manifest file '../build/robot_controller/robot_controller.egg-info/SOURCES.txt'
reading manifest file '../build/robot_controller/robot_controller.egg-info/SOURCES.txt'
writing manifest file '../build/robot_controller/robot_controller.egg-info/SOURCES.txt'
running build
running build_py
creating /home/khushi/ros2_ws/src/build/robot_controller/build
creating /home/khushi/ros2_ws/src/build/robot_controller/build/lib
creating /home/khushi/ros2_ws/src/build/robot_controller/build/lib/robot_controller
copying robot_controller/__init__.py -> /home/khushi/ros2_ws/src/build/robot_controller/build/lib/robot_controller
copying robot_controller/main.py -> /home/khushi/ros2_ws/src/build/robot_controller/build/lib/robot_controller
copying robot_controller/rccontrol.py -> /home/khushi/ros2_ws/src/build/robot_controller/build/lib/robot_controller
copying robot_controller/autodrive.py -> /home/khushi/ros2_ws/src/build/robot_controller/build/lib/robot_controller
running install
running install_lib
creating /home/khushi/ros2_ws/src/install/robot_controller/lib/python3.12/site-packages/robot_controller
copying /home/khushi/ros2_ws/src/build/robot_controller/build/lib/robot_controller/__init__.py -> /home/khushi/ros2_ws/src/install/robot_controller/lib/python3.12/site-packages/robot_controller
copying /home/khushi/ros2_ws/src/build/robot_controller/build/lib/robot_controller/main.py -> /home/khushi/ros2_ws/src/install/robot_controller/lib/python3.12/site-packages/robot_controller
copying /home/khushi/ros2_ws/src/build/robot_controller/build/lib/robot_controller/rccontrol.py -> /home/khushi/ros2_ws/src/install/robot_controller/lib/python3.12/site-packages/robot_controller
copying /home/khushi/ros2_ws/src/build/robot_controller/build/lib/robot_controller/autodrive.py -> /home/khushi/ros2_ws/src/install/robot_controller/lib/python3.12/site-packages/robot_controller
byte-compiling /home/khushi/ros2_ws/src/install/robot_controller/lib/python3.12/site-packages/robot_controller/__init__.py to __init__.cpython-312.pyc
byte-compiling /home/khushi/ros2_ws/src/install/robot_controller/lib/python3.12/site-packages/robot_controller/main.py to main.cpython-312.pyc
byte-compiling /home/khushi/ros2_ws/src/install/robot_controller/lib/python3.12/site-packages/robot_controller/rccontrol.py to rccontrol.cpython-312.pyc
byte-compiling /home/khushi/ros2_ws/src/install/robot_controller/lib/python3.12/site-packages/robot_controller/autodrive.py to autodrive.cpython-312.pyc
running install_data
creating /home/khushi/ros2_ws/src/install/robot_controller/share/ament_index
creating /home/khushi/ros2_ws/src/install/robot_controller/share/ament_index/resource_index
creating /home/khushi/ros2_ws/src/install/robot_controller/share/ament_index/resource_index/packages
copying resource/robot_controller -> /home/khushi/ros2_ws/src/install/robot_controller/share/ament_index/resource_index/packages
copying package.xml -> /home/khushi/ros2_ws/src/install/robot_controller/share/robot_controller
running install_egg_info
Copying ../build/robot_controller/robot_controller.egg-info to /home/khushi/ros2_ws/src/install/robot_controller/lib/python3.12/site-packages/robot_controller-0.0.0-py3.12.egg-info
running install_scripts
Installing autodrive_node script to /home/khushi/ros2_ws/src/install/robot_controller/lib/robot_controller
Installing main_node script to /home/khushi/ros2_ws/src/install/robot_controller/lib/robot_controller
Installing rccontrol_node script to /home/khushi/ros2_ws/src/install/robot_controller/lib/robot_controller
writing list of installed files to '/home/khushi/ros2_ws/src/build/robot_controller/install.log'
